
VAR

NFKB = 0 1 ;
P21 = 0 1 ;
FOXM = 0 1 ;
PI3K = 0 1 ;
P53 = 0 1 ;
MDM2 = 0 1 ;
OGT = 0 1 ;
OGA = 0 1 ;
CMYC = 0 1 ;

REG

P21 [(P21<1)]=> NFKB ;
PI3K [(PI3K>=1)]=> NFKB ;
FOXM [(FOXM<1)]=> P21 ;
PI3K [(PI3K<1)]=> P21 ;
P53 [(P53>=1)]=> P21 ;
P53 [(P53<1)]=> FOXM ;
PI3K [(PI3K>=1)]=> FOXM ;
P53 [(P53<1)]=> PI3K ;
NFKB [(NFKB>=1)]=> PI3K ;
OGT [(OGT>=1)]=> PI3K ;
MDM2 [(MDM2<1)]=> P53 ;
NFKB [(NFKB>=1)]=> P53 ;
P53 [(P53>=1)]=> MDM2 ;
OGA [(OGA<1)]=> OGT ;
CMYC [(CMYC>=1)]=> OGT ;
OGT [(OGT<1)]=> OGA ;
P53 [(P53<1)]=> CMYC ;
OGT [(OGT>=1)]=> CMYC ;

PARA

# Parameters for NFKB

K_NFKB = 0 ;
K_NFKB+P21 = 0 ;
K_NFKB+PI3K = 0 ;
K_NFKB+P21+PI3K = 1 ;

# Parameters for P21

K_P21 = 0 ;
K_P21+FOXM = 0 ;
K_P21+P53 = 0 1 ;
K_P21+PI3K = 0 ;
K_P21+FOXM+P53 = 0 1 ;
K_P21+P53+PI3K = 0 1 ;
K_P21+FOXM+PI3K = 0 1 ;
K_P21+FOXM+P53+PI3K = 1 ;

# Parameters for FOXM

K_FOXM = 0 ;
K_FOXM+P53 = 0 1 ;
K_FOXM+PI3K = 0 1 ;
K_FOXM+P53+PI3K = 1 ;

# Parameters for PI3K

K_PI3K = 0 ;
K_PI3K+NFKB = 0 1 ;
K_PI3K+OGT = 1 ;
K_PI3K+P53 = 0 1 ;
K_PI3K+NFKB+OGT = 0 1 ;
K_PI3K+OGT+P53 = 1 ;
K_PI3K+NFKB+P53 = 1 ;
K_PI3K+NFKB+OGT+P53 = 1 ;

# Parameters for P53

K_P53 = 0 ;
K_P53+MDM2 = 1 ;
K_P53+NFKB = 1 ;
K_P53+MDM2+NFKB = 1 ;

# Parameters for MDM2

K_MDM2 = 0 ;
K_MDM2+P53 = 1 ;

# Parameters for OGT

K_OGT = 0 ;
K_OGT+CMYC = 1 ;
K_OGT+OGA = 0 ;
K_OGT+CMYC+OGA = 1 ;

# Parameters for OGA

K_OGA = 0 ;
K_OGA+OGT = 1 ;

# Parameters for CMYC

K_CMYC = 0 ;
K_CMYC+OGT = 0 1 ;
K_CMYC+P53 = 0 1 ;
K_CMYC+OGT+P53 = 1 ;

CTL

((OGT=1&OGA=0)->EF(AG(NFKB=1&OGT=1&OGA=0&MDM2=1&PI3K=1&FOXM=1&P21=0&CMYC=1&P53=1)))
&
((OGT=0&OGA=1&P53=1&P21=1)->EX(EF(OGT=0&OGA=1&P53=1&P21=1)))
&
((OGT=0&OGA=1)->
EF(AG(OGT=0&OGA=1&PI3K=0&FOXM=0&P21=1&CMYC=0)))

# MODEL 1

# K_NFKB = 0
# K_NFKB+P21 = 0
# K_NFKB+PI3K = 0
# K_NFKB+P21+PI3K = 1

# K_P21 = 0
# K_P21+FOXM = 0
# K_P21+P53 = 0
# K_P21+PI3K = 0
# K_P21+FOXM+P53 = 0
# K_P21+P53+PI3K = 0
# K_P21+FOXM+PI3K = 1
# K_P21+FOXM+P53+PI3K = 1

# K_FOXM = 0
# K_FOXM+P53 = 0
# K_FOXM+PI3K = 1
# K_FOXM+P53+PI3K = 1

# K_PI3K = 0
# K_PI3K+NFKB = 0
# K_PI3K+OGT = 1
# K_PI3K+P53 = 0
# K_PI3K+NFKB+OGT = 1
# K_PI3K+OGT+P53 = 1
# K_PI3K+NFKB+P53 = 1
# K_PI3K+NFKB+OGT+P53 = 1

# K_P53 = 0
# K_P53+MDM2 = 1
# K_P53+NFKB = 1
# K_P53+MDM2+NFKB = 1

# K_MDM2 = 0
# K_MDM2+P53 = 1

# K_OGT = 0
# K_OGT+CMYC = 1
# K_OGT+OGA = 0
# K_OGT+CMYC+OGA = 1

# K_OGA = 0
# K_OGA+OGT = 1

# K_CMYC = 0
# K_CMYC+OGT = 1
# K_CMYC+P53 = 0
# K_CMYC+OGT+P53 = 1

# MODEL 2

# K_NFKB = 0
# K_NFKB+P21 = 0
# K_NFKB+PI3K = 0
# K_NFKB+P21+PI3K = 1

# K_P21 = 0
# K_P21+FOXM = 0
# K_P21+P53 = 0
# K_P21+PI3K = 0
# K_P21+FOXM+P53 = 1
# K_P21+P53+PI3K = 0
# K_P21+FOXM+PI3K = 1
# K_P21+FOXM+P53+PI3K = 1

# K_FOXM = 0
# K_FOXM+P53 = 0
# K_FOXM+PI3K = 1
# K_FOXM+P53+PI3K = 1

# K_PI3K = 0
# K_PI3K+NFKB = 0
# K_PI3K+OGT = 1
# K_PI3K+P53 = 0
# K_PI3K+NFKB+OGT = 1
# K_PI3K+OGT+P53 = 1
# K_PI3K+NFKB+P53 = 1
# K_PI3K+NFKB+OGT+P53 = 1

# K_P53 = 0
# K_P53+MDM2 = 1
# K_P53+NFKB = 1
# K_P53+MDM2+NFKB = 1

# K_MDM2 = 0
# K_MDM2+P53 = 1

# K_OGT = 0
# K_OGT+CMYC = 1
# K_OGT+OGA = 0
# K_OGT+CMYC+OGA = 1

# K_OGA = 0
# K_OGA+OGT = 1

# K_CMYC = 0
# K_CMYC+OGT = 1
# K_CMYC+P53 = 0
# K_CMYC+OGT+P53 = 1

# MODEL 3

# K_NFKB = 0
# K_NFKB+P21 = 0
# K_NFKB+PI3K = 0
# K_NFKB+P21+PI3K = 1

# K_P21 = 0
# K_P21+FOXM = 0
# K_P21+P53 = 0
# K_P21+PI3K = 0
# K_P21+FOXM+P53 = 0
# K_P21+P53+PI3K = 1
# K_P21+FOXM+PI3K = 1
# K_P21+FOXM+P53+PI3K = 1

# K_FOXM = 0
# K_FOXM+P53 = 0
# K_FOXM+PI3K = 1
# K_FOXM+P53+PI3K = 1

# K_PI3K = 0
# K_PI3K+NFKB = 0
# K_PI3K+OGT = 1
# K_PI3K+P53 = 0
# K_PI3K+NFKB+OGT = 1
# K_PI3K+OGT+P53 = 1
# K_PI3K+NFKB+P53 = 1
# K_PI3K+NFKB+OGT+P53 = 1

# K_P53 = 0
# K_P53+MDM2 = 1
# K_P53+NFKB = 1
# K_P53+MDM2+NFKB = 1

# K_MDM2 = 0
# K_MDM2+P53 = 1

# K_OGT = 0
# K_OGT+CMYC = 1
# K_OGT+OGA = 0
# K_OGT+CMYC+OGA = 1

# K_OGA = 0
# K_OGA+OGT = 1

# K_CMYC = 0
# K_CMYC+OGT = 1
# K_CMYC+P53 = 0
# K_CMYC+OGT+P53 = 1

# MODEL 4

# K_NFKB = 0
# K_NFKB+P21 = 0
# K_NFKB+PI3K = 0
# K_NFKB+P21+PI3K = 1

# K_P21 = 0
# K_P21+FOXM = 0
# K_P21+P53 = 0
# K_P21+PI3K = 0
# K_P21+FOXM+P53 = 1
# K_P21+P53+PI3K = 1
# K_P21+FOXM+PI3K = 1
# K_P21+FOXM+P53+PI3K = 1

# K_FOXM = 0
# K_FOXM+P53 = 0
# K_FOXM+PI3K = 1
# K_FOXM+P53+PI3K = 1

# K_PI3K = 0
# K_PI3K+NFKB = 0
# K_PI3K+OGT = 1
# K_PI3K+P53 = 0
# K_PI3K+NFKB+OGT = 1
# K_PI3K+OGT+P53 = 1
# K_PI3K+NFKB+P53 = 1
# K_PI3K+NFKB+OGT+P53 = 1

# K_P53 = 0
# K_P53+MDM2 = 1
# K_P53+NFKB = 1
# K_P53+MDM2+NFKB = 1

# K_MDM2 = 0
# K_MDM2+P53 = 1

# K_OGT = 0
# K_OGT+CMYC = 1
# K_OGT+OGA = 0
# K_OGT+CMYC+OGA = 1

# K_OGA = 0
# K_OGA+OGT = 1

# K_CMYC = 0
# K_CMYC+OGT = 1
# K_CMYC+P53 = 0
# K_CMYC+OGT+P53 = 1

# SELECTED MODELS / CHECKED MODELS = 4 / 640 (10s786ms)
